<?xml version="1.0" encoding="UTF-8"?>
<!-- Generated by org.testng.reporters.JUnitReportReporter -->
<testsuite hostname="Hridoy" failures="0" tests="1" name="com.br24.com.openUrl" time="5.398" errors="0" timestamp="31 May 2024 13:32:27 GMT" skipped="0">
  <testcase classname="com.br24.com.openUrl" name="open" time="5.398"/>
</testsuite> <!-- com.br24.com.openUrl -->
